tuikit/build/intermediates/manifest_merge_blame_file/release/manifest-merger-blame-release-report.txt
1<?xml version="1.0" encoding="utf-8"?>
2<manifest xmlns:android="http://schemas.android.com/apk/res/android"
3    package="com.tencent.qcloud.tim.uikit" >
4
5    <uses-sdk
6        android:minSdkVersion="21"
6-->src\main\AndroidManifest.xml
7        android:targetSdkVersion="31" />
7-->src\main\AndroidManifest.xml
8
9    <uses-permission android:name="android.permission.ACCESS_NETWORK_STATE" />
9-->src\main\AndroidManifest.xml:4:5-79
9-->src\main\AndroidManifest.xml:4:22-76
10    <uses-permission android:name="android.permission.ACCESS_WIFI_STATE" />
10-->src\main\AndroidManifest.xml:5:5-76
10-->src\main\AndroidManifest.xml:5:22-73
11    <uses-permission android:name="android.permission.READ_PHONE_STATE" />
11-->src\main\AndroidManifest.xml:6:5-75
11-->src\main\AndroidManifest.xml:6:22-72
12    <uses-permission android:name="android.permission.WRITE_EXTERNAL_STORAGE" />
12-->src\main\AndroidManifest.xml:7:5-81
12-->src\main\AndroidManifest.xml:7:22-78
13    <uses-permission android:name="android.permission.READ_EXTERNAL_STORAGE" />
13-->src\main\AndroidManifest.xml:8:5-80
13-->src\main\AndroidManifest.xml:8:22-77
14    <uses-permission android:name="android.permission.VIBRATE" />
14-->src\main\AndroidManifest.xml:9:5-65
14-->src\main\AndroidManifest.xml:9:22-63
15
16    <application android:allowBackup="false" >
16-->src\main\AndroidManifest.xml:11:5-72:19
16-->src\main\AndroidManifest.xml:12:9-36
17        <activity
17-->src\main\AndroidManifest.xml:13:9-15:52
18            android:name="com.tencent.qcloud.tim.uikit.component.video.CameraActivity"
18-->src\main\AndroidManifest.xml:14:13-59
19            android:screenOrientation="portrait" />
19-->src\main\AndroidManifest.xml:15:13-49
20        <activity
20-->src\main\AndroidManifest.xml:16:9-18:77
21            android:name="com.tencent.qcloud.tim.uikit.component.video.VideoViewActivity"
21-->src\main\AndroidManifest.xml:17:13-62
22            android:configChanges="keyboardHidden|orientation|screenSize" />
22-->src\main\AndroidManifest.xml:18:13-74
23        <activity
23-->src\main\AndroidManifest.xml:19:9-21:52
24            android:name="com.tencent.qcloud.tim.uikit.component.photoview.PhotoViewActivity"
24-->src\main\AndroidManifest.xml:20:13-66
25            android:screenOrientation="portrait" />
25-->src\main\AndroidManifest.xml:21:13-49
26        <activity
26-->src\main\AndroidManifest.xml:22:9-24:52
27            android:name="com.tencent.qcloud.tim.uikit.modules.group.info.GroupInfoActivity"
27-->src\main\AndroidManifest.xml:23:13-65
28            android:screenOrientation="portrait" />
28-->src\main\AndroidManifest.xml:24:13-49
29        <activity
29-->src\main\AndroidManifest.xml:25:9-28:52
30            android:name="com.tencent.qcloud.tim.uikit.modules.group.info.StartGroupMemberSelectActivity"
30-->src\main\AndroidManifest.xml:26:13-78
31            android:launchMode="singleInstance"
31-->src\main\AndroidManifest.xml:27:13-48
32            android:screenOrientation="portrait" />
32-->src\main\AndroidManifest.xml:28:13-49
33        <activity
33-->src\main\AndroidManifest.xml:29:9-31:52
34            android:name="com.tencent.qcloud.tim.uikit.component.SelectionActivity"
34-->src\main\AndroidManifest.xml:30:13-56
35            android:screenOrientation="portrait" />
35-->src\main\AndroidManifest.xml:31:13-49
36        <activity
36-->src\main\AndroidManifest.xml:32:9-35:73
37            android:name="com.tencent.qcloud.tim.uikit.modules.group.apply.GroupApplyManagerActivity"
37-->src\main\AndroidManifest.xml:33:13-74
38            android:screenOrientation="portrait"
38-->src\main\AndroidManifest.xml:34:13-49
39            android:windowSoftInputMode="stateAlwaysHidden|adjustPan" />
39-->src\main\AndroidManifest.xml:35:13-70
40        <activity
40-->src\main\AndroidManifest.xml:36:9-39:73
41            android:name="com.tencent.qcloud.tim.uikit.modules.group.apply.GroupApplyMemberActivity"
41-->src\main\AndroidManifest.xml:37:13-73
42            android:screenOrientation="portrait"
42-->src\main\AndroidManifest.xml:38:13-49
43            android:windowSoftInputMode="stateAlwaysHidden|adjustPan" />
43-->src\main\AndroidManifest.xml:39:13-70
44        <activity
44-->src\main\AndroidManifest.xml:40:9-42:52
45            android:name="com.tencent.qcloud.tim.uikit.modules.forward.ForwardSelectActivity"
45-->src\main\AndroidManifest.xml:41:13-94
46            android:screenOrientation="portrait" />
46-->src\main\AndroidManifest.xml:42:13-49
47        <activity
47-->src\main\AndroidManifest.xml:44:9-47:52
48            android:name="com.tencent.qcloud.tim.uikit.modules.forward.ForwardSelectGroupActivity"
48-->src\main\AndroidManifest.xml:45:13-99
49            android:launchMode="singleInstance"
49-->src\main\AndroidManifest.xml:46:13-48
50            android:screenOrientation="portrait" />
50-->src\main\AndroidManifest.xml:47:13-49
51        <activity
51-->src\main\AndroidManifest.xml:49:9-51:52
52            android:name="com.tencent.qcloud.tim.uikit.modules.search.SearchMainActivity"
52-->src\main\AndroidManifest.xml:50:13-90
53            android:screenOrientation="portrait" />
53-->src\main\AndroidManifest.xml:51:13-49
54        <activity
54-->src\main\AndroidManifest.xml:53:9-55:52
55            android:name="com.tencent.qcloud.tim.uikit.modules.search.SearchMoreListActivity"
55-->src\main\AndroidManifest.xml:54:13-94
56            android:screenOrientation="portrait" />
56-->src\main\AndroidManifest.xml:55:13-49
57        <activity
57-->src\main\AndroidManifest.xml:57:9-59:52
58            android:name="com.tencent.qcloud.tim.uikit.modules.search.SearchMoreMsgListActivity"
58-->src\main\AndroidManifest.xml:58:13-97
59            android:screenOrientation="portrait" />
59-->src\main\AndroidManifest.xml:59:13-49
60
61        <provider
61-->src\main\AndroidManifest.xml:62:9-70:20
62            android:name="com.tencent.qcloud.tim.uikit.utils.TUIKitFileProvider"
62-->src\main\AndroidManifest.xml:63:13-53
63            android:authorities="${applicationId}.uikit.fileprovider"
63-->src\main\AndroidManifest.xml:64:13-70
64            android:exported="false"
64-->src\main\AndroidManifest.xml:65:13-37
65            android:grantUriPermissions="true" >
65-->src\main\AndroidManifest.xml:66:13-47
66            <meta-data
66-->src\main\AndroidManifest.xml:67:13-69:60
67                android:name="android.support.FILE_PROVIDER_PATHS"
67-->src\main\AndroidManifest.xml:68:17-67
68                android:resource="@xml/file_paths_public" />
68-->src\main\AndroidManifest.xml:69:17-58
69        </provider>
70    </application>
71
72</manifest>